2025-03-14 00:01:57,655 - image_classification - INFO - Using CUDA device: NVIDIA GeForce GTX 1050
2025-03-14 00:01:57,656 - image_classification - INFO - Loading datasets...
2025-03-14 00:01:58,153 - image_classification - INFO - Train: 14034 images, Test: 3000 images
2025-03-14 00:01:58,153 - image_classification - INFO - Creating model...
2025-03-14 00:02:00,127 - image_classification - INFO - Stage 1: Training only the head...
2025-03-14 00:02:00,128 - image_classification - INFO - Epoch 1/50
2025-03-14 00:21:43,393 - image_classification - INFO - Training Loss: 0.4534
2025-03-14 00:24:04,114 - image_classification - INFO - Validation: Loss: 0.2406 | Accuracy: 0.9107 | F1: 0.9094
2025-03-14 00:24:04,480 - image_classification - INFO - New best model saved with F1: 0.9094
2025-03-14 00:24:04,785 - image_classification - INFO - Epoch 2/50
2025-03-14 00:43:48,269 - image_classification - INFO - Training Loss: 0.4070
2025-03-14 00:46:08,503 - image_classification - INFO - Validation: Loss: 0.2608 | Accuracy: 0.9177 | F1: 0.9172
2025-03-14 00:46:08,890 - image_classification - INFO - New best model saved with F1: 0.9172
2025-03-14 00:46:09,197 - image_classification - INFO - Epoch 3/50
2025-03-14 01:05:57,036 - image_classification - INFO - Training Loss: 0.3981
2025-03-14 01:08:17,653 - image_classification - INFO - Validation: Loss: 0.2664 | Accuracy: 0.9157 | F1: 0.9148
2025-03-14 01:08:17,654 - image_classification - INFO - Epoch 4/50
2025-03-14 01:28:01,174 - image_classification - INFO - Training Loss: 0.3771
2025-03-14 01:30:22,060 - image_classification - INFO - Validation: Loss: 0.2341 | Accuracy: 0.9230 | F1: 0.9226
2025-03-14 01:30:22,421 - image_classification - INFO - New best model saved with F1: 0.9226
2025-03-14 01:30:22,734 - image_classification - INFO - Epoch 5/50
2025-03-14 01:50:05,644 - image_classification - INFO - Training Loss: 0.3535
2025-03-14 01:52:25,951 - image_classification - INFO - Validation: Loss: 0.2742 | Accuracy: 0.9150 | F1: 0.9146
2025-03-14 01:52:25,951 - image_classification - INFO - Epoch 6/50
2025-03-14 02:12:08,049 - image_classification - INFO - Training Loss: 0.3479
2025-03-14 02:14:28,449 - image_classification - INFO - Validation: Loss: 0.2330 | Accuracy: 0.9163 | F1: 0.9160
2025-03-14 02:14:28,450 - image_classification - INFO - Epoch 7/50
2025-03-14 02:34:10,879 - image_classification - INFO - Training Loss: 0.3583
2025-03-14 02:36:31,184 - image_classification - INFO - Validation: Loss: 0.2183 | Accuracy: 0.9280 | F1: 0.9278
2025-03-14 02:36:31,542 - image_classification - INFO - New best model saved with F1: 0.9278
2025-03-14 02:36:31,848 - image_classification - INFO - Epoch 8/50
2025-03-14 02:56:13,347 - image_classification - INFO - Training Loss: 0.3417
2025-03-14 02:58:33,887 - image_classification - INFO - Validation: Loss: 0.2483 | Accuracy: 0.9180 | F1: 0.9177
2025-03-14 02:58:33,888 - image_classification - INFO - Epoch 9/50
2025-03-14 03:18:16,568 - image_classification - INFO - Training Loss: 0.3400
2025-03-14 03:20:36,896 - image_classification - INFO - Validation: Loss: 0.2250 | Accuracy: 0.9290 | F1: 0.9288
2025-03-14 03:20:37,253 - image_classification - INFO - New best model saved with F1: 0.9288
2025-03-14 03:20:37,561 - image_classification - INFO - Epoch 10/50
2025-03-14 03:40:19,690 - image_classification - INFO - Training Loss: 0.3301
2025-03-14 03:42:39,904 - image_classification - INFO - Validation: Loss: 0.3757 | Accuracy: 0.9000 | F1: 0.8987
2025-03-14 03:42:39,904 - image_classification - INFO - Epoch 11/50
2025-03-14 04:02:21,971 - image_classification - INFO - Training Loss: 0.3421
2025-03-14 04:04:42,518 - image_classification - INFO - Validation: Loss: 0.2260 | Accuracy: 0.9277 | F1: 0.9273
2025-03-14 04:04:42,519 - image_classification - INFO - Epoch 12/50
2025-03-14 04:24:24,396 - image_classification - INFO - Training Loss: 0.3270
2025-03-14 04:26:44,657 - image_classification - INFO - Validation: Loss: 0.2280 | Accuracy: 0.9253 | F1: 0.9251
2025-03-14 04:26:44,658 - image_classification - INFO - Early stopping at epoch 12
2025-03-14 04:26:44,658 - image_classification - INFO - Stage 2: Fine-tuning the last transformer blocks...
2025-03-14 04:26:44,659 - image_classification - INFO - Epoch 1/50
2025-03-14 04:58:04,405 - image_classification - INFO - Training Loss: 0.4199
2025-03-14 05:00:25,026 - image_classification - INFO - Validation: Loss: 0.3760 | Accuracy: 0.8390 | F1: 0.8195
2025-03-14 05:00:25,027 - image_classification - INFO - Early stopping at epoch 1 of stage 2
2025-03-14 05:00:25,238 - image_classification - INFO - Loading best model for final evaluation...
2025-03-14 05:00:25,446 - image_classification - INFO - Loaded best model with F1: 0.9288
2025-03-14 05:02:46,000 - image_classification - INFO - Validation: Loss: 0.2250 | Accuracy: 0.9290 | F1: 0.9288
2025-03-14 05:05:06,783 - image_classification - INFO - 
Classification Report:
              precision    recall  f1-score   support

   buildings       0.94      0.89      0.92       437
      forest       0.98      0.99      0.99       474
     glacier       0.91      0.86      0.89       553
    mountain       0.87      0.90      0.89       525
         sea       0.97      0.98      0.97       510
      street       0.91      0.95      0.93       501

    accuracy                           0.93      3000
   macro avg       0.93      0.93      0.93      3000
weighted avg       0.93      0.93      0.93      3000

2025-03-14 05:05:06,987 - image_classification - INFO - Training completed!
